[1030/225719.195:ERROR:audio_rtp_receiver.cc(89)] AudioRtpReceiver::OnSetVolume: No audio channel exists.
[1030/225719.196:WARNING:used_ids.h(55)] Duplicate id found. Reassigning from 104 to 127
[1030/225719.196:WARNING:used_ids.h(55)] Duplicate id found. Reassigning from 102 to 125
[1030/225719.196:WARNING:used_ids.h(55)] Duplicate id found. Reassigning from 104 to 124
[1030/225719.196:WARNING:used_ids.h(55)] Duplicate id found. Reassigning from 106 to 123
[1030/225719.196:WARNING:used_ids.h(55)] Duplicate id found. Reassigning from 103 to 122
[1030/225719.196:WARNING:used_ids.h(55)] Duplicate id found. Reassigning from 105 to 121
[1030/225719.196:WARNING:used_ids.h(55)] Duplicate id found. Reassigning from 109 to 120
[1030/225719.196:WARNING:used_ids.h(55)] Duplicate id found. Reassigning from 1 to 14
[1030/225719.196:WARNING:used_ids.h(55)] Duplicate id found. Reassigning from 3 to 13
[1030/225719.196:WARNING:used_ids.h(55)] Duplicate id found. Reassigning from 5 to 12
[1030/225719.196:WARNING:used_ids.h(55)] Duplicate id found. Reassigning from 6 to 11
[1030/225735.541:ERROR:audio_rtp_receiver.cc(89)] AudioRtpReceiver::OnSetVolume: No audio channel exists.
[1030/225735.541:WARNING:used_ids.h(55)] Duplicate id found. Reassigning from 104 to 127
[1030/225735.541:WARNING:used_ids.h(55)] Duplicate id found. Reassigning from 102 to 125
[1030/225735.541:WARNING:used_ids.h(55)] Duplicate id found. Reassigning from 104 to 124
[1030/225735.541:WARNING:used_ids.h(55)] Duplicate id found. Reassigning from 106 to 123
[1030/225735.541:WARNING:used_ids.h(55)] Duplicate id found. Reassigning from 103 to 122
[1030/225735.541:WARNING:used_ids.h(55)] Duplicate id found. Reassigning from 105 to 121
[1030/225735.541:WARNING:used_ids.h(55)] Duplicate id found. Reassigning from 109 to 120
[1030/225735.541:WARNING:used_ids.h(55)] Duplicate id found. Reassigning from 1 to 14
[1030/225735.542:WARNING:used_ids.h(55)] Duplicate id found. Reassigning from 3 to 13
[1030/225735.542:WARNING:used_ids.h(55)] Duplicate id found. Reassigning from 5 to 12
[1030/225735.542:WARNING:used_ids.h(55)] Duplicate id found. Reassigning from 6 to 11
[1030/225751.364:WARNING:used_ids.h(55)] Duplicate id found. Reassigning from 104 to 127
[1030/225751.364:WARNING:used_ids.h(55)] Duplicate id found. Reassigning from 102 to 125
[1030/225751.364:WARNING:used_ids.h(55)] Duplicate id found. Reassigning from 104 to 124
[1030/225751.364:WARNING:used_ids.h(55)] Duplicate id found. Reassigning from 106 to 123
[1030/225751.364:WARNING:used_ids.h(55)] Duplicate id found. Reassigning from 103 to 122
[1030/225751.364:WARNING:used_ids.h(55)] Duplicate id found. Reassigning from 105 to 121
[1030/225751.364:WARNING:used_ids.h(55)] Duplicate id found. Reassigning from 109 to 120
[1030/225751.364:WARNING:used_ids.h(55)] Duplicate id found. Reassigning from 1 to 14
[1030/225751.364:WARNING:used_ids.h(55)] Duplicate id found. Reassigning from 3 to 13
[1030/225751.364:WARNING:used_ids.h(55)] Duplicate id found. Reassigning from 5 to 12
[1030/225751.364:WARNING:used_ids.h(55)] Duplicate id found. Reassigning from 6 to 11
[1030/225751.364:ERROR:audio_rtp_receiver.cc(89)] AudioRtpReceiver::OnSetVolume: No audio channel exists.
[1030/225802.646:ERROR:audio_rtp_receiver.cc(89)] AudioRtpReceiver::OnSetVolume: No audio channel exists.
[1030/225802.646:WARNING:used_ids.h(55)] Duplicate id found. Reassigning from 104 to 127
[1030/225802.646:WARNING:used_ids.h(55)] Duplicate id found. Reassigning from 102 to 125
[1030/225802.646:WARNING:used_ids.h(55)] Duplicate id found. Reassigning from 104 to 124
[1030/225802.646:WARNING:used_ids.h(55)] Duplicate id found. Reassigning from 106 to 123
[1030/225802.646:WARNING:used_ids.h(55)] Duplicate id found. Reassigning from 103 to 122
[1030/225802.646:WARNING:used_ids.h(55)] Duplicate id found. Reassigning from 105 to 121
[1030/225802.646:WARNING:used_ids.h(55)] Duplicate id found. Reassigning from 109 to 120
[1030/225802.646:WARNING:used_ids.h(55)] Duplicate id found. Reassigning from 1 to 14
[1030/225802.646:WARNING:used_ids.h(55)] Duplicate id found. Reassigning from 3 to 13
[1030/225802.646:WARNING:used_ids.h(55)] Duplicate id found. Reassigning from 5 to 12
[1030/225802.646:WARNING:used_ids.h(55)] Duplicate id found. Reassigning from 6 to 11
[1102/194757.510:ERROR:backend_impl.cc(1041)] Critical error found -8
[1102/194757.510:ERROR:entry_impl.cc(1076)] No file for c103024e
[1102/194757.510:WARNING:storage_block-inl.h(146)] Failed data load.
[1102/194757.510:WARNING:storage_block-inl.h(146)] Failed data load.
[1102/194757.510:WARNING:storage_block-inl.h(146)] Failed data load.
[1102/194757.510:WARNING:storage_block-inl.h(146)] Failed data load.
[1102/194757.510:ERROR:entry_impl.cc(1076)] No file for c1030254
[1102/194757.510:WARNING:storage_block-inl.h(146)] Failed data load.
[1102/194757.510:WARNING:storage_block-inl.h(146)] Failed data load.
[1102/194757.510:WARNING:storage_block-inl.h(146)] Failed data load.
[1102/194757.510:WARNING:storage_block-inl.h(146)] Failed data load.
[1102/194757.510:ERROR:entry_impl.cc(1076)] No file for c1030252
[1102/194757.510:WARNING:storage_block-inl.h(146)] Failed data load.
[1102/194757.510:WARNING:storage_block-inl.h(146)] Failed data load.
[1102/194757.510:WARNING:storage_block-inl.h(146)] Failed data load.
[1102/194757.510:WARNING:storage_block-inl.h(146)] Failed data load.
[1102/194757.510:ERROR:entry_impl.cc(1076)] No file for c1030256
[1102/194757.510:WARNING:storage_block-inl.h(146)] Failed data load.
[1102/194757.510:WARNING:storage_block-inl.h(146)] Failed data load.
[1102/194757.510:WARNING:storage_block-inl.h(146)] Failed data load.
[1102/194757.510:WARNING:storage_block-inl.h(146)] Failed data load.
[1102/194757.510:ERROR:entry_impl.cc(1076)] No file for c103025e
[1102/194757.511:WARNING:storage_block-inl.h(146)] Failed data load.
[1102/194757.511:WARNING:storage_block-inl.h(146)] Failed data load.
[1102/194757.511:WARNING:storage_block-inl.h(146)] Failed data load.
[1102/194757.511:WARNING:storage_block-inl.h(146)] Failed data load.
[1102/194757.511:WARNING:storage_block-inl.h(146)] Failed data load.
